#
# There is insufficient memory for the Java Runtime Environment to continue.
# Native memory allocation (mmap) failed to map 165675008 bytes for Failed to commit area from 0x0000000762000000 to 0x000000076be00000 of length 165675008.
# Possible reasons:
#   The system is out of physical RAM or swap space
#   The process is running with CompressedOops enabled, and the Java Heap may be blocking the growth of the native heap
# Possible solutions:
#   Reduce memory load on the system
#   Increase physical memory or swap space
#   Check if swap backing store is full
#   Decrease Java heap size (-Xmx/-Xms)
#   Decrease number of Java threads
#   Decrease Java thread stack sizes (-Xss)
#   Set larger code cache with -XX:ReservedCodeCacheSize=
# This output file may be truncated or incomplete.
#
#  Out of Memory Error (./src/hotspot/os/windows/os_windows.cpp:3303), pid=5068, tid=10760
#
# JRE version:  (11.0.8+10) (build )
# Java VM: OpenJDK 64-Bit Server VM (11.0.8+10-b944.6842174, mixed mode, sharing, tiered, compressed oops, g1 gc, windows-amd64)
# No core dump will be written. Minidumps are not enabled by default on client versions of Windows
#

---------------  S U M M A R Y ------------

Command Line: 

Host: Intel(R) Core(TM) i5-3320M CPU @ 2.60GHz, 4 cores, 9G,  Windows 10 , 64 bit Build 15063 (10.0.15063.1058)
Time: Sun Jun 20 16:49:19 2021 E. Africa Standard Time elapsed time: 0 seconds (0d 0h 0m 0s)

---------------  T H R E A D  ---------------

Current thread (0x000002ea2eb5a000):  JavaThread "Unknown thread" [_thread_in_vm, id=10760, stack(0x000000fe2b100000,0x000000fe2b200000)]

Stack: [0x000000fe2b100000,0x000000fe2b200000]
Native frames: (J=compiled Java code, j=interpreted, Vv=VM code, C=native code)
V  [jvm.dll+0x5de50a]
V  [jvm.dll+0x7122f5]
V  [jvm.dll+0x71384d]
V  [jvm.dll+0x713f03]
V  [jvm.dll+0x23e728]
V  [jvm.dll+0x5db9a4]
V  [jvm.dll+0x5d0ae5]
V  [jvm.dll+0x2fb20b]
V  [jvm.dll+0x2fb17a]
V  [jvm.dll+0x2fb052]
V  [jvm.dll+0x2fff16]
V  [jvm.dll+0x348743]
V  [jvm.dll+0x348e46]
V  [jvm.dll+0x348843]
V  [jvm.dll+0x2d5d68]
V  [jvm.dll+0x2d6f07]
V  [jvm.dll+0x6f11f7]
V  [jvm.dll+0x6f29ec]
V  [jvm.dll+0x355cb9]
V  [jvm.dll+0x6d4ade]
V  [jvm.dll+0x3bdfe3]
V  [jvm.dll+0x3c0201]
C  [jli.dll+0x5373]
C  [ucrtbase.dll+0x20279]
C  [KERNEL32.DLL+0x12784]
C  [ntdll.dll+0x50c51]


---------------  P R O C E S S  ---------------

Threads class SMR info:
_java_thread_list=0x000002ea2c9818b0, length=0, elements={
}

Java Threads: ( => current thread )

Other Threads:
  0x000002ea2eb72000 GCTaskThread "GC Thread#0" [stack: 0x000000fe2b200000,0x000000fe2b300000] [id=216]
  0x000002ea2ebb5000 ConcurrentGCThread "G1 Main Marker" [stack: 0x000000fe2b300000,0x000000fe2b400000] [id=3868]
  0x000002ea2ebb6800 ConcurrentGCThread "G1 Conc#0" [stack: 0x000000fe2b400000,0x000000fe2b500000] [id=11128]

[error occurred during error reporting (printing all threads), id 0xc0000005, EXCEPTION_ACCESS_VIOLATION (0xc0000005) at pc=0x00007ffc9f186357]

VM state:not at safepoint (not fully initialized)

VM Mutex/Monitor currently owned by a thread:  ([mutex/lock_event])
[0x000002ea2eb566b0] Heap_lock - owner thread: 0x000002ea2eb5a000

Heap address: 0x0000000762000000, size: 2528 MB, Compressed Oops mode: Non-zero based: 0x0000000762000000
Narrow klass base: 0x0000000000000000, Narrow klass shift: 0

GC Heap History (0 events):
No events

Deoptimization events (0 events):
No events

Classes redefined (0 events):
No events

Internal exceptions (0 events):
No events

Events (1 events):
Event: 0.095 Loaded shared library C:\Program Files\Android\Android Studio2\jre\bin\zip.dll


Dynamic libraries:
0x00007ff63b4c0000 - 0x00007ff63b4ca000 	C:\Program Files\Android\Android Studio2\jre\bin\java.EXE
0x00007ffce3310000 - 0x00007ffce34eb000 	C:\Windows\SYSTEM32\ntdll.dll
0x00007ffce1370000 - 0x00007ffce141e000 	C:\Windows\System32\KERNEL32.DLL
0x00007ffcdf880000 - 0x00007ffcdfaca000 	C:\Windows\System32\KERNELBASE.dll
0x00007ffce01d0000 - 0x00007ffce02c6000 	C:\Windows\System32\ucrtbase.dll
0x00007ffcd9b50000 - 0x00007ffcd9b69000 	C:\Program Files\Android\Android Studio2\jre\bin\jli.dll
0x00007ffcd70a0000 - 0x00007ffcd70b7000 	C:\Program Files\Android\Android Studio2\jre\bin\VCRUNTIME140.dll
0x00007ffce0980000 - 0x00007ffce0aca000 	C:\Windows\System32\USER32.dll
0x00007ffce06c0000 - 0x00007ffce06de000 	C:\Windows\System32\win32u.dll
0x00007ffce0cd0000 - 0x00007ffce0cf7000 	C:\Windows\System32\GDI32.dll
0x00007ffce06e0000 - 0x00007ffce0868000 	C:\Windows\System32\gdi32full.dll
0x00007ffce02d0000 - 0x00007ffce036a000 	C:\Windows\System32\msvcp_win.dll
0x00007ffcd0550000 - 0x00007ffcd07b7000 	C:\Windows\WinSxS\amd64_microsoft.windows.common-controls_6595b64144ccf1df_6.0.15063.1155_none_40c7922129a7722b\COMCTL32.dll
0x00007ffce2ae0000 - 0x00007ffce2b7d000 	C:\Windows\System32\msvcrt.dll
0x00007ffce2b80000 - 0x00007ffce2e79000 	C:\Windows\System32\combase.dll
0x00007ffce2f40000 - 0x00007ffce3065000 	C:\Windows\System32\RPCRT4.dll
0x00007ffce0540000 - 0x00007ffce05aa000 	C:\Windows\System32\bcryptPrimitives.dll
0x00007ffce0c20000 - 0x00007ffce0c4d000 	C:\Windows\System32\IMM32.DLL
0x00007ffccca10000 - 0x00007ffcccaad000 	C:\Program Files\Android\Android Studio2\jre\bin\msvcp140.dll
0x00007ffc9eea0000 - 0x00007ffc9f95c000 	C:\Program Files\Android\Android Studio2\jre\bin\server\jvm.dll
0x00007ffce2e90000 - 0x00007ffce2f31000 	C:\Windows\System32\ADVAPI32.dll
0x00007ffce0c70000 - 0x00007ffce0cc9000 	C:\Windows\System32\sechost.dll
0x00007ffce2e80000 - 0x00007ffce2e88000 	C:\Windows\System32\PSAPI.DLL
0x00007ffcdda10000 - 0x00007ffcdda33000 	C:\Windows\SYSTEM32\WINMM.dll
0x00007ffcdd960000 - 0x00007ffcdd98b000 	C:\Windows\SYSTEM32\WINMMBASE.dll
0x00007ffcdf830000 - 0x00007ffcdf879000 	C:\Windows\System32\cfgmgr32.dll
0x00007ffcd2b40000 - 0x00007ffcd2b4a000 	C:\Windows\SYSTEM32\VERSION.dll
0x00007ffccff60000 - 0x00007ffccff69000 	C:\Windows\SYSTEM32\WSOCK32.dll
0x00007ffce2a70000 - 0x00007ffce2adc000 	C:\Windows\System32\WS2_32.dll
0x00007ffcdf7f0000 - 0x00007ffcdf801000 	C:\Windows\System32\kernel.appcore.dll
0x00007ffcd5cf0000 - 0x00007ffcd5d01000 	C:\Program Files\Android\Android Studio2\jre\bin\verify.dll
0x00007ffccee60000 - 0x00007ffccf009000 	C:\Windows\SYSTEM32\DBGHELP.DLL
0x00007ffccebf0000 - 0x00007ffccec19000 	C:\Windows\SYSTEM32\dbgcore.DLL
0x00007ffcd1be0000 - 0x00007ffcd1c09000 	C:\Program Files\Android\Android Studio2\jre\bin\java.dll
0x00007ffcdce30000 - 0x00007ffcdce3b000 	C:\Program Files\Android\Android Studio2\jre\bin\jimage.dll
0x00007ffcd5ab0000 - 0x00007ffcd5ac8000 	C:\Program Files\Android\Android Studio2\jre\bin\zip.dll

dbghelp: loaded successfully - version: 4.0.5 - missing functions: none
symbol engine: initialized successfully - sym options: 0x614 - pdb path: .;C:\Program Files\Android\Android Studio2\jre\bin;C:\Windows\SYSTEM32;C:\Windows\WinSxS\amd64_microsoft.windows.common-controls_6595b64144ccf1df_6.0.15063.1155_none_40c7922129a7722b;C:\Program Files\Android\Android Studio2\jre\bin\server

VM Arguments:
java_command: <unknown>
java_class_path (initial): <not set>
Launcher Type: SUN_STANDARD

[Global flags]
     intx CICompilerCount                          = 3                                         {product} {ergonomic}
     uint ConcGCThreads                            = 1                                         {product} {ergonomic}
     uint G1ConcRefinementThreads                  = 4                                         {product} {ergonomic}
   size_t G1HeapRegionSize                         = 1048576                                   {product} {ergonomic}
    uintx GCDrainStackTargetSize                   = 64                                        {product} {ergonomic}
   size_t InitialHeapSize                          = 165675008                                 {product} {ergonomic}
   size_t MarkStackSize                            = 4194304                                   {product} {ergonomic}
   size_t MaxHeapSize                              = 2650800128                                {product} {ergonomic}
   size_t MinHeapDeltaBytes                        = 1048576                                   {product} {ergonomic}
    uintx NonNMethodCodeHeapSize                   = 5830732                                {pd product} {ergonomic}
    uintx NonProfiledCodeHeapSize                  = 122913754                              {pd product} {ergonomic}
    uintx ProfiledCodeHeapSize                     = 122913754                              {pd product} {ergonomic}
    uintx ReservedCodeCacheSize                    = 251658240                              {pd product} {ergonomic}
     bool SegmentedCodeCache                       = true                                      {product} {ergonomic}
     bool UseCompressedClassPointers               = true                                 {lp64_product} {ergonomic}
     bool UseCompressedOops                        = true                                 {lp64_product} {ergonomic}
     bool UseG1GC                                  = true                                      {product} {ergonomic}
     bool UseLargePagesIndividualAllocation        = false                                  {pd product} {ergonomic}

Logging:
Log output configuration:
 #0: stdout all=warning uptime,level,tags
 #1: stderr all=off uptime,level,tags

Environment Variables:
PATH=C:\Python39\Scripts\;C:\Python39\;C:\Program Files\Common Files\Oracle\Java\javapath;C:\Windows\system32;C:\Windows;C:\Windows\System32\Wbem;C:\Windows\System32\WindowsPowerShell\v1.0\;C:\flutter\bin;C:\Program Files\Java\jdk-15.0.2\bin;C:\ProgramData\chocolatey\bin;C:\Program Files\erl-23.0\bin;C:\Program Files (x86)\IncrediBuild;C:\Program Files\Git\cmd;C:\Program Files (x86)\nodejs\;C:\Users\inigo\AppData\Local\Microsoft\WindowsApps;C:\flutter\bin;C:\Users\inigo\platform-tools;C:\Users\inigo\AppData\Local\Programs\Microsoft VS Code\bin;C:\Program Files\Java\jdk-15.0.2\bin;C:\Program Files\heroku\bin;C:\Program Files\erl-23.0\bin;C:\Program Files\Git\bin;C:\Users\inigo\AppData\Roaming\npm
USERNAME=inigo
LANG=en_US.UTF-8
OS=Windows_NT
PROCESSOR_IDENTIFIER=Intel64 Family 6 Model 58 Stepping 9, GenuineIntel



---------------  S Y S T E M  ---------------

OS: Windows 10 , 64 bit Build 15063 (10.0.15063.1058)
OS uptime: 2 days 6:26 hours

CPU:total 4 (initial active 4) (2 cores per cpu, 2 threads per core) family 6 model 58 stepping 9, cmov, cx8, fxsr, mmx, sse, sse2, sse3, ssse3, sse4.1, sse4.2, popcnt, avx, aes, clmul, erms, ht, tsc, tscinvbit, tscinv

Memory: 4k page, system-wide physical 10104M (981M free)
TotalPageFile size 10104M (AvailPageFile size 122M)
current process WorkingSet (physical memory assigned to process): 10M, peak: 10M
current process commit charge ("private bytes"): 52M, peak: 210M

vm_info: OpenJDK 64-Bit Server VM (11.0.8+10-b944.6842174) for windows-amd64 JRE (11.0.8+10-b944.6842174), built on Sep 19 2020 01:11:42 by "builder" with MS VC++ 14.0 (VS2015)

END.
